<?xml version="1.0" encoding="utf-8"?>
<shfbBuild product="Sandcastle Help File Builder and Tools" version="2016.5.28.0" projectFile="D:\Git\XnaGuiItems\XnaGuiItems\Documentation\Documentation.shfbproj" started="9/9/2016 10:32:11 PM">
<buildStep step="Initializing">
Finding tools...
The Sandcastle tools are located in &#39;D:\Program Files (x86)\EWSoftware\Sandcastle Help File Builder\&#39;
Locating components in the following folder(s):
    D:\Git\XnaGuiItems\XnaGuiItems\Documentation
    C:\ProgramData\EWSoftware\Sandcastle Help File Builder\Components and Plug-Ins\
    D:\Program Files (x86)\EWSoftware\Sandcastle Help File Builder\
Using framework reflection data for &#39;.NET Framework 4.5&#39; located in &#39;D:\Program Files (x86)\EWSoftware\Sandcastle Help File Builder\Data\.NETFramework&#39;
Using presentation style &#39;VS2013&#39; located in &#39;D:\Program Files (x86)\EWSoftware\Sandcastle Help File Builder\PresentationStyles\VS2013&#39;
Loading and initializing plug-ins...
Lightweight Website Style Version 2016.5.28.0
Copyright &#169; 2006-2016, Eric Woodruff, All Rights Reserved
Portions Copyright &#169; 2014, Sam Harwell, All Rights Reserved
-------------------------------
Clearing any prior web/markdown output...
</buildStep>
<buildStep step="ValidatingDocumentationSources">
Validating and copying documentation source information
Source: D:\Git\XnaGuiItems\XnaGuiItems\XnaGuiItems\bin\x86\Release\XnaGuiItems.dll
    Found assembly &#39;D:\Git\XnaGuiItems\XnaGuiItems\XnaGuiItems\bin\x86\Release\XnaGuiItems.dll&#39;
Source: D:\Git\XnaGuiItems\XnaGuiItems\XnaGuiItems\bin\x86\Release\XnaGuiItems.xml

Copying XML comments files
    D:\Git\XnaGuiItems\XnaGuiItems\XnaGuiItems\bin\x86\Release\XnaGuiItems.XML -&gt; D:\Git\XnaGuiItems\XnaGuiItems\Documentation\Help\Working\XnaGuiItems.XML
</buildStep>
<buildStep step="GenerateSharedContent">
Generating shared content files (en-US, English (United States))...
<plugIn name="Lightweight Website Style" behavior="After" priority="1000">
</plugIn>    Last step completed in 00:00:00.0070
</buildStep>
<buildStep step="GenerateApiFilter">
Generating API filter for MRefBuilder...
    Last step completed in 00:00:00.0035
</buildStep>
<buildStep step="GenerateReflectionInfo">
Generating reflection information...
[C:\Program Files (x86)\MSBuild\14.0\bin\MSBuild.exe - GenerateRefInfo.proj]
Build started 9/9/2016 10:32:12 PM.
Project &quot;D:\Git\XnaGuiItems\XnaGuiItems\Documentation\Help\Working\GenerateRefInfo.proj&quot; on node 1 (default targets).
PrepareForBuild:
  Creating directory &quot;obj\Debug\&quot;.
GenerateRefInfo:
  MRefBuilder (v2016.5.28.0)
  Copyright &#184; 2006-2016, Microsoft Corporation, All Rights Reserved.
  Portions Copyright &#184; 2006-2016, Eric Woodruff, All Rights Reserved.
  Loaded 1 assemblies for reflection and 1 dependency assemblies.
  Wrote information on 5 namespaces, 32 types, and 281 members
  Copying file from &quot;reflection.org&quot; to &quot;reflection.all&quot;.
  XslTransform (v2016.5.28.0)
  Copyright &#184; 2006-2016, Microsoft Corporation, All Rights Reserved.
  Portions Copyright &#184; 2006-2016, Eric Woodruff, All Rights Reserved.
  Applying XSL transformation &#39;D:\Program Files (x86)\EWSoftware\Sandcastle Help File Builder\ProductionTransforms\MergeDuplicates.xsl&#39;.
Done Building Project &quot;D:\Git\XnaGuiItems\XnaGuiItems\Documentation\Help\Working\GenerateRefInfo.proj&quot; (default targets).

Build succeeded.

Time Elapsed 00:00:00.51
    Last step completed in 00:00:00.6340
</buildStep>
<buildStep step="TransformReflectionInfo">
Transforming reflection output...
[C:\Program Files (x86)\MSBuild\14.0\bin\MSBuild.exe - TransformManifest.proj]
Build started 9/9/2016 10:32:12 PM.
Project &quot;D:\Git\XnaGuiItems\XnaGuiItems\Documentation\Help\Working\TransformManifest.proj&quot; on node 1 (default targets).
TransformManifest:
  XslTransform (v2016.5.28.0)
  Copyright &#184; 2006-2016, Microsoft Corporation, All Rights Reserved.
  Portions Copyright &#184; 2006-2016, Eric Woodruff, All Rights Reserved.
  Applying XSL transformation &#39;D:\Program Files (x86)\EWSoftware\Sandcastle Help File Builder\\ProductionTransforms\ApplyVSDocModel.xsl&#39;.
  Copying file from &quot;reflection.xml&quot; to &quot;reflection.nofilenames&quot;.
  XslTransform (v2016.5.28.0)
  Copyright &#184; 2006-2016, Microsoft Corporation, All Rights Reserved.
  Portions Copyright &#184; 2006-2016, Eric Woodruff, All Rights Reserved.
  Applying XSL transformation &#39;D:\Program Files (x86)\EWSoftware\Sandcastle Help File Builder\ProductionTransforms\AddFilenames.xsl&#39;.
  XslTransform (v2016.5.28.0)
  Copyright &#184; 2006-2016, Microsoft Corporation, All Rights Reserved.
  Portions Copyright &#184; 2006-2016, Eric Woodruff, All Rights Reserved.
  Applying XSL transformation &#39;D:\Program Files (x86)\EWSoftware\Sandcastle Help File Builder\ProductionTransforms\ReflectionToManifest.xsl&#39;.
Done Building Project &quot;D:\Git\XnaGuiItems\XnaGuiItems\Documentation\Help\Working\TransformManifest.proj&quot; (default targets).

Build succeeded.

Time Elapsed 00:00:00.43
    Last step completed in 00:00:00.5360
</buildStep>
<buildStep step="GenerateNamespaceSummaries">
Generating namespace summary information...
    Last step completed in 00:00:00.0125
</buildStep>
<buildStep step="CopyConceptualContent">
Copying conceptual content...
Copying standard token shared content file...
Checking for other token files...
Checking for code snippets files...
Copying images and creating the media map file...
Generating conceptual topic files
    Parsing topic file &#39;D:\Git\XnaGuiItems\XnaGuiItems\Documentation\Content\Welcome.aml&#39;
    D:\Git\XnaGuiItems\XnaGuiItems\Documentation\Content\Welcome.aml -&gt; D:\Git\XnaGuiItems\XnaGuiItems\Documentation\Help\Working\ddueXml\7a47457b-7aa6-4cd6-866a-7b4f91be8620.xml
    Parsing topic file &#39;D:\Git\XnaGuiItems\XnaGuiItems\Documentation\Content\VersionHistory\VersionHistory.aml&#39;
    D:\Git\XnaGuiItems\XnaGuiItems\Documentation\Content\VersionHistory\VersionHistory.aml -&gt; D:\Git\XnaGuiItems\XnaGuiItems\Documentation\Help\Working\ddueXml\de6ea60d-663e-4ad6-b2d6-b7b34d4074d2.xml
    Parsing topic file &#39;D:\Git\XnaGuiItems\XnaGuiItems\Documentation\Content\VersionHistory\v1.0.0.0.aml&#39;
    D:\Git\XnaGuiItems\XnaGuiItems\Documentation\Content\VersionHistory\v1.0.0.0.aml -&gt; D:\Git\XnaGuiItems\XnaGuiItems\Documentation\Help\Working\ddueXml\10daa5f5-5737-4544-92c6-37972633b5d3.xml
    Parsing topic file &#39;D:\Git\XnaGuiItems\XnaGuiItems\Documentation\Content\VersionHistory\v1.0.1.0.aml&#39;
    D:\Git\XnaGuiItems\XnaGuiItems\Documentation\Content\VersionHistory\v1.0.1.0.aml -&gt; D:\Git\XnaGuiItems\XnaGuiItems\Documentation\Help\Working\ddueXml\b5ce2217-55de-44b0-aa3a-bfe049f2df07.xml
    Parsing topic file &#39;D:\Git\XnaGuiItems\XnaGuiItems\Documentation\Content\VersionHistory\v1.1.0.0.aml&#39;
    D:\Git\XnaGuiItems\XnaGuiItems\Documentation\Content\VersionHistory\v1.1.0.0.aml -&gt; D:\Git\XnaGuiItems\XnaGuiItems\Documentation\Help\Working\ddueXml\6521b75f-c2b6-4feb-a41b-cd1f6509458c.xml
    Parsing topic file &#39;D:\Git\XnaGuiItems\XnaGuiItems\Documentation\Content\VersionHistory\v1.1.0.1.aml&#39;
    D:\Git\XnaGuiItems\XnaGuiItems\Documentation\Content\VersionHistory\v1.1.0.1.aml -&gt; D:\Git\XnaGuiItems\XnaGuiItems\Documentation\Help\Working\ddueXml\10a268a7-92d8-439b-88b6-5313a6500503.xml
    Parsing topic file &#39;D:\Git\XnaGuiItems\XnaGuiItems\Documentation\Content\VersionHistory\v1.1.0.2.aml&#39;
    D:\Git\XnaGuiItems\XnaGuiItems\Documentation\Content\VersionHistory\v1.1.0.2.aml -&gt; D:\Git\XnaGuiItems\XnaGuiItems\Documentation\Help\Working\ddueXml\6d0de512-4496-483d-89ae-1eda746ff980.xml
    Parsing topic file &#39;D:\Git\XnaGuiItems\XnaGuiItems\Documentation\Content\VersionHistory\v1.1.0.3.aml&#39;
    D:\Git\XnaGuiItems\XnaGuiItems\Documentation\Content\VersionHistory\v1.1.0.3.aml -&gt; D:\Git\XnaGuiItems\XnaGuiItems\Documentation\Help\Working\ddueXml\6bc05da0-3376-423c-a6b9-a81d2547353a.xml
    Parsing topic file &#39;D:\Git\XnaGuiItems\XnaGuiItems\Documentation\Content\VersionHistory\v1.1.1.0.aml&#39;
    D:\Git\XnaGuiItems\XnaGuiItems\Documentation\Content\VersionHistory\v1.1.1.0.aml -&gt; D:\Git\XnaGuiItems\XnaGuiItems\Documentation\Help\Working\ddueXml\f8819412-651c-47a7-9d82-44fe529c7806.xml
    Parsing topic file &#39;D:\Git\XnaGuiItems\XnaGuiItems\Documentation\Content\VersionHistory\v1.1.1.1.aml&#39;
    D:\Git\XnaGuiItems\XnaGuiItems\Documentation\Content\VersionHistory\v1.1.1.1.aml -&gt; D:\Git\XnaGuiItems\XnaGuiItems\Documentation\Help\Working\ddueXml\ea882068-73d2-4d2c-a26c-41bbdb520098.xml
    Parsing topic file &#39;D:\Git\XnaGuiItems\XnaGuiItems\Documentation\Content\VersionHistory\v1.1.1.2.aml&#39;
    D:\Git\XnaGuiItems\XnaGuiItems\Documentation\Content\VersionHistory\v1.1.1.2.aml -&gt; D:\Git\XnaGuiItems\XnaGuiItems\Documentation\Help\Working\ddueXml\42348e0f-4eed-4b1f-a351-b83f49050385.xml
    Parsing topic file &#39;D:\Git\XnaGuiItems\XnaGuiItems\Documentation\Content\VersionHistory\v1.1.2.0.aml&#39;
    D:\Git\XnaGuiItems\XnaGuiItems\Documentation\Content\VersionHistory\v1.1.2.0.aml -&gt; D:\Git\XnaGuiItems\XnaGuiItems\Documentation\Help\Working\ddueXml\4e7a1d8d-0d38-4fdf-889d-1a7cd6620ba6.xml
    Parsing topic file &#39;D:\Git\XnaGuiItems\XnaGuiItems\Documentation\Content\VersionHistory\v1.1.2.1.aml&#39;
    D:\Git\XnaGuiItems\XnaGuiItems\Documentation\Content\VersionHistory\v1.1.2.1.aml -&gt; D:\Git\XnaGuiItems\XnaGuiItems\Documentation\Help\Working\ddueXml\a1e4f6fe-f56b-4272-a374-274a6df0aecc.xml
    Parsing topic file &#39;D:\Git\XnaGuiItems\XnaGuiItems\Documentation\Content\VersionHistory\v1.1.2.2.aml&#39;
    D:\Git\XnaGuiItems\XnaGuiItems\Documentation\Content\VersionHistory\v1.1.2.2.aml -&gt; D:\Git\XnaGuiItems\XnaGuiItems\Documentation\Help\Working\ddueXml\3b766f6e-1269-4f69-ad47-da7dce25531a.xml
    Parsing topic file &#39;D:\Git\XnaGuiItems\XnaGuiItems\Documentation\Content\VersionHistory\v1.1.2.3.aml&#39;
    D:\Git\XnaGuiItems\XnaGuiItems\Documentation\Content\VersionHistory\v1.1.2.3.aml -&gt; D:\Git\XnaGuiItems\XnaGuiItems\Documentation\Help\Working\ddueXml\dd1e880e-1a7c-4801-a90f-ae77fe0a437e.xml
    Parsing topic file &#39;D:\Git\XnaGuiItems\XnaGuiItems\Documentation\Content\VersionHistory\v1.1.2.4.aml&#39;
    D:\Git\XnaGuiItems\XnaGuiItems\Documentation\Content\VersionHistory\v1.1.2.4.aml -&gt; D:\Git\XnaGuiItems\XnaGuiItems\Documentation\Help\Working\ddueXml\188a780e-c049-44ce-be2c-26957305dfad.xml
    Parsing topic file &#39;D:\Git\XnaGuiItems\XnaGuiItems\Documentation\Content\VersionHistory\v1.1.2.5.aml&#39;
    D:\Git\XnaGuiItems\XnaGuiItems\Documentation\Content\VersionHistory\v1.1.2.5.aml -&gt; D:\Git\XnaGuiItems\XnaGuiItems\Documentation\Help\Working\ddueXml\7f103885-b2a8-46c7-bf3e-397fca8b20c8.xml
    Parsing topic file &#39;D:\Git\XnaGuiItems\XnaGuiItems\Documentation\Content\VersionHistory\v1.1.3.0.aml&#39;
    D:\Git\XnaGuiItems\XnaGuiItems\Documentation\Content\VersionHistory\v1.1.3.0.aml -&gt; D:\Git\XnaGuiItems\XnaGuiItems\Documentation\Help\Working\ddueXml\b6c4716d-0460-4c2c-b2da-b2a6df06be52.xml
    Parsing topic file &#39;D:\Git\XnaGuiItems\XnaGuiItems\Documentation\Content\VersionHistory\v1.1.3.1.aml&#39;
    D:\Git\XnaGuiItems\XnaGuiItems\Documentation\Content\VersionHistory\v1.1.3.1.aml -&gt; D:\Git\XnaGuiItems\XnaGuiItems\Documentation\Help\Working\ddueXml\65d95e24-04c7-4484-b92c-236208d41b5c.xml
    Parsing topic file &#39;D:\Git\XnaGuiItems\XnaGuiItems\Documentation\Content\VersionHistory\v1.1.4.0.aml&#39;
    D:\Git\XnaGuiItems\XnaGuiItems\Documentation\Content\VersionHistory\v1.1.4.0.aml -&gt; D:\Git\XnaGuiItems\XnaGuiItems\Documentation\Help\Working\ddueXml\3db38869-d7fe-41d9-90f4-500ce1f3dcb8.xml
    Parsing topic file &#39;D:\Git\XnaGuiItems\XnaGuiItems\Documentation\Content\VersionHistory\v1.1.5.0.aml&#39;
    D:\Git\XnaGuiItems\XnaGuiItems\Documentation\Content\VersionHistory\v1.1.5.0.aml -&gt; D:\Git\XnaGuiItems\XnaGuiItems\Documentation\Help\Working\ddueXml\2e3744e7-9e10-4a7a-ae73-be8e261e8f32.xml
    Parsing topic file &#39;D:\Git\XnaGuiItems\XnaGuiItems\Documentation\Content\VersionHistory\v1.2.0.0.aml&#39;
    D:\Git\XnaGuiItems\XnaGuiItems\Documentation\Content\VersionHistory\v1.2.0.0.aml -&gt; D:\Git\XnaGuiItems\XnaGuiItems\Documentation\Help\Working\ddueXml\a26d1fd9-305a-4167-a23e-dae5e26a8b10.xml
    Parsing topic file &#39;D:\Git\XnaGuiItems\XnaGuiItems\Documentation\Content\VersionHistory\v1.2.1.0.aml&#39;
    D:\Git\XnaGuiItems\XnaGuiItems\Documentation\Content\VersionHistory\v1.2.1.0.aml -&gt; D:\Git\XnaGuiItems\XnaGuiItems\Documentation\Help\Working\ddueXml\56b53dfc-b4a6-4ed1-a8a2-90e8f3d44db1.xml
    Parsing topic file &#39;D:\Git\XnaGuiItems\XnaGuiItems\Documentation\Content\VersionHistory\v1.2.2.0.aml&#39;
    D:\Git\XnaGuiItems\XnaGuiItems\Documentation\Content\VersionHistory\v1.2.2.0.aml -&gt; D:\Git\XnaGuiItems\XnaGuiItems\Documentation\Help\Working\ddueXml\8f7bba12-da5c-487d-a37a-fc2136a65a1e.xml
    Parsing topic file &#39;D:\Git\XnaGuiItems\XnaGuiItems\Documentation\Content\VersionHistory\v1.3.0.0.aml&#39;
    D:\Git\XnaGuiItems\XnaGuiItems\Documentation\Content\VersionHistory\v1.3.0.0.aml -&gt; D:\Git\XnaGuiItems\XnaGuiItems\Documentation\Help\Working\ddueXml\ac5e939e-2644-44dd-906e-13512c1d2454.xml
    Parsing topic file &#39;D:\Git\XnaGuiItems\XnaGuiItems\Documentation\Content\VersionHistory\v1.3.1.0.aml&#39;
    D:\Git\XnaGuiItems\XnaGuiItems\Documentation\Content\VersionHistory\v1.3.1.0.aml -&gt; D:\Git\XnaGuiItems\XnaGuiItems\Documentation\Help\Working\ddueXml\c960a4b9-c29c-48bd-911a-dfd8ed33778d.xml
    Parsing topic file &#39;D:\Git\XnaGuiItems\XnaGuiItems\Documentation\Content\VersionHistory\v1.4.0.0.aml&#39;
    D:\Git\XnaGuiItems\XnaGuiItems\Documentation\Content\VersionHistory\v1.4.0.0.aml -&gt; D:\Git\XnaGuiItems\XnaGuiItems\Documentation\Help\Working\ddueXml\50c9f057-7bcf-49a9-bdc9-6bf159f1e5c9.xml
    Parsing topic file &#39;D:\Git\XnaGuiItems\XnaGuiItems\Documentation\Content\VersionHistory\v1.4.0.1.aml&#39;
    D:\Git\XnaGuiItems\XnaGuiItems\Documentation\Content\VersionHistory\v1.4.0.1.aml -&gt; D:\Git\XnaGuiItems\XnaGuiItems\Documentation\Help\Working\ddueXml\3ff08b3d-b37e-4927-a590-524260370f6d.xml
    Parsing topic file &#39;D:\Git\XnaGuiItems\XnaGuiItems\Documentation\Content\VersionHistory\v1.4.1.0.aml&#39;
    D:\Git\XnaGuiItems\XnaGuiItems\Documentation\Content\VersionHistory\v1.4.1.0.aml -&gt; D:\Git\XnaGuiItems\XnaGuiItems\Documentation\Help\Working\ddueXml\83f0e46d-2d8e-4a97-aa02-088e9bdcede8.xml
    Parsing topic file &#39;D:\Git\XnaGuiItems\XnaGuiItems\Documentation\Content\VersionHistory\v1.4.2.0.aml&#39;
    D:\Git\XnaGuiItems\XnaGuiItems\Documentation\Content\VersionHistory\v1.4.2.0.aml -&gt; D:\Git\XnaGuiItems\XnaGuiItems\Documentation\Help\Working\ddueXml\89885d76-ebfe-4c84-bf50-395c2d09f023.xml
    Parsing topic file &#39;D:\Git\XnaGuiItems\XnaGuiItems\Documentation\Content\VersionHistory\v1.4.2.1.aml&#39;
    D:\Git\XnaGuiItems\XnaGuiItems\Documentation\Content\VersionHistory\v1.4.2.1.aml -&gt; D:\Git\XnaGuiItems\XnaGuiItems\Documentation\Help\Working\ddueXml\df53960c-77c1-414c-845a-dfcc8c924b60.xml
    Last step completed in 00:00:00.1867
</buildStep>
<buildStep step="CreateConceptualTopicConfigs">
Creating conceptual topic configuration files...
    Companion files
    _ContentMetadata_.xml
    Merging topic IDs into manifest.xml
    Last step completed in 00:00:00.0336
</buildStep>
<buildStep step="CopyAdditionalContent">
Copying additional content files...
D:\Git\XnaGuiItems\XnaGuiItems\Documentation\icons\Help.png -&gt; D:\Git\XnaGuiItems\XnaGuiItems\Documentation\Help\Working\Output\Website\icons\Help.png
    Last step completed in 00:00:00.0030
</buildStep>
<buildStep step="MergeTablesOfContents">
Merging conceptual and additional tables of contents...
    Last step completed in 00:00:00.0005
</buildStep>
<buildStep step="GenerateIntermediateTableOfContents">
Generating intermediate table of contents file...
[C:\Program Files (x86)\MSBuild\14.0\bin\MSBuild.exe - GenerateIntermediateTOC.proj]
Build started 9/9/2016 10:32:13 PM.
Project &quot;D:\Git\XnaGuiItems\XnaGuiItems\Documentation\Help\Working\GenerateIntermediateTOC.proj&quot; on node 1 (default targets).
GenerateIntermediateTOC:
  XslTransform (v2016.5.28.0)
  Copyright &#184; 2006-2016, Microsoft Corporation, All Rights Reserved.
  Portions Copyright &#184; 2006-2016, Eric Woodruff, All Rights Reserved.
  Applying XSL transformation &#39;D:\Program Files (x86)\EWSoftware\Sandcastle Help File Builder\\ProductionTransforms\CreateVSToc.xsl&#39;.
Done Building Project &quot;D:\Git\XnaGuiItems\XnaGuiItems\Documentation\Help\Working\GenerateIntermediateTOC.proj&quot; (default targets).

Build succeeded.

Time Elapsed 00:00:00.11
Generating conceptual content intermediate TOC file...
    Last step completed in 00:00:00.2118
</buildStep>
<buildStep step="CreateBuildAssemblerConfigs">
Creating Sandcastle configuration files...
    sandcastle.config
    Last step completed in 00:00:00.2165
</buildStep>
<buildStep step="MergeCustomConfigs">
Merging custom build component configurations
D:\Git\XnaGuiItems\XnaGuiItems\Documentation\Help\Working\sandcastle.config
  Updating reference topic configurations.
  Updating conceptual topic configurations.
    Removing unused ExampleComponent.
    Last step completed in 00:00:00.0045
</buildStep>
<buildStep step="BuildTopics">
Building help topics...
[C:\Program Files (x86)\MSBuild\14.0\bin\MSBuild.exe - BuildTopics.proj]
Build started 9/9/2016 10:32:14 PM.
Project &quot;D:\Git\XnaGuiItems\XnaGuiItems\Documentation\Help\Working\BuildTopics.proj&quot; on node 1 (default targets).
BuildTopics:
  BuildAssembler (v2016.5.28.0)
  Copyright &#184; 2006-2016, Microsoft Corporation, All Rights Reserved.
  Portions Copyright &#184; 2006-2016, Eric Woodruff, All Rights Reserved.
  Loading configuration...
  Processing topics...
  Processed 409 topic(s)
  CopyFromIndexComponent: &quot;metadata&quot; in-memory cache entries used: 1 of 15.
  ResolveArtLinksComponent: Copying media files...
  CopyFromIndexComponent: &quot;reflection&quot; in-memory cache entries used: 6 of 15.
  CopyFromIndexComponent: &quot;comments&quot; in-memory cache entries used: 3 of 30.
Done Building Project &quot;D:\Git\XnaGuiItems\XnaGuiItems\Documentation\Help\Working\BuildTopics.proj&quot; (default targets).

Build succeeded.

Time Elapsed 00:00:08.93
    Last step completed in 00:00:09.0436
</buildStep>
<buildStep step="CombiningIntermediateTocFiles">
Combining conceptual and API intermediate TOC files...
    Last step completed in 00:00:00.0050
</buildStep>
<buildStep step="ExtractingHtmlInfo">
Extracting HTML info for HTML Help 1 and/or website...
[C:\Program Files (x86)\MSBuild\14.0\bin\MSBuild.exe - ExtractHtmlInfo.proj]
Sandcastle Help File Builder and Tools, version 2016.5.28.0
Copyright &#184; 2006-2016, Eric Woodruff, All Rights Reserved
E-Mail: Eric@EWoodruff.us

Using LCID &#39;1033&#39;, code page &#39;65001&#39;, encoding charset &#39;UTF-8&#39;.

Processing website files in D:\Git\XnaGuiItems\XnaGuiItems\Documentation\Help\Working\Output\Website
Processed 409 HTML files
Sorting keywords and generating See Also indices
Saving website keyword index to D:\Git\XnaGuiItems\XnaGuiItems\Documentation\Help\Working\WebKI.xml
Saving website table of contents to D:\Git\XnaGuiItems\XnaGuiItems\Documentation\Help\Working\WebTOC.xml
    Last step completed in 00:00:00.4770
</buildStep>
<buildStep step="CopyStandardHelpContent">
Copying standard help content...
D:\Program Files (x86)\EWSoftware\Sandcastle Help File Builder\PresentationStyles\VS2013\icons\AlertCaution.png -&gt; D:\Git\XnaGuiItems\XnaGuiItems\Documentation\Help\Working\Output\Website\icons\AlertCaution.png
D:\Program Files (x86)\EWSoftware\Sandcastle Help File Builder\PresentationStyles\VS2013\icons\AlertNote.png -&gt; D:\Git\XnaGuiItems\XnaGuiItems\Documentation\Help\Working\Output\Website\icons\AlertNote.png
D:\Program Files (x86)\EWSoftware\Sandcastle Help File Builder\PresentationStyles\VS2013\icons\AlertSecurity.png -&gt; D:\Git\XnaGuiItems\XnaGuiItems\Documentation\Help\Working\Output\Website\icons\AlertSecurity.png
D:\Program Files (x86)\EWSoftware\Sandcastle Help File Builder\PresentationStyles\VS2013\icons\CFW.gif -&gt; D:\Git\XnaGuiItems\XnaGuiItems\Documentation\Help\Working\Output\Website\icons\CFW.gif
D:\Program Files (x86)\EWSoftware\Sandcastle Help File Builder\PresentationStyles\VS2013\icons\CodeExample.png -&gt; D:\Git\XnaGuiItems\XnaGuiItems\Documentation\Help\Working\Output\Website\icons\CodeExample.png
D:\Program Files (x86)\EWSoftware\Sandcastle Help File Builder\PresentationStyles\VS2013\icons\favicon.ico -&gt; D:\Git\XnaGuiItems\XnaGuiItems\Documentation\Help\Working\Output\Website\icons\favicon.ico
D:\Program Files (x86)\EWSoftware\Sandcastle Help File Builder\PresentationStyles\VS2013\icons\privclass.gif -&gt; D:\Git\XnaGuiItems\XnaGuiItems\Documentation\Help\Working\Output\Website\icons\privclass.gif
D:\Program Files (x86)\EWSoftware\Sandcastle Help File Builder\PresentationStyles\VS2013\icons\privdelegate.gif -&gt; D:\Git\XnaGuiItems\XnaGuiItems\Documentation\Help\Working\Output\Website\icons\privdelegate.gif
D:\Program Files (x86)\EWSoftware\Sandcastle Help File Builder\PresentationStyles\VS2013\icons\privenumeration.gif -&gt; D:\Git\XnaGuiItems\XnaGuiItems\Documentation\Help\Working\Output\Website\icons\privenumeration.gif
D:\Program Files (x86)\EWSoftware\Sandcastle Help File Builder\PresentationStyles\VS2013\icons\privevent.gif -&gt; D:\Git\XnaGuiItems\XnaGuiItems\Documentation\Help\Working\Output\Website\icons\privevent.gif
D:\Program Files (x86)\EWSoftware\Sandcastle Help File Builder\PresentationStyles\VS2013\icons\privextension.gif -&gt; D:\Git\XnaGuiItems\XnaGuiItems\Documentation\Help\Working\Output\Website\icons\privextension.gif
D:\Program Files (x86)\EWSoftware\Sandcastle Help File Builder\PresentationStyles\VS2013\icons\privfield.gif -&gt; D:\Git\XnaGuiItems\XnaGuiItems\Documentation\Help\Working\Output\Website\icons\privfield.gif
D:\Program Files (x86)\EWSoftware\Sandcastle Help File Builder\PresentationStyles\VS2013\icons\privinterface.gif -&gt; D:\Git\XnaGuiItems\XnaGuiItems\Documentation\Help\Working\Output\Website\icons\privinterface.gif
D:\Program Files (x86)\EWSoftware\Sandcastle Help File Builder\PresentationStyles\VS2013\icons\privmethod.gif -&gt; D:\Git\XnaGuiItems\XnaGuiItems\Documentation\Help\Working\Output\Website\icons\privmethod.gif
D:\Program Files (x86)\EWSoftware\Sandcastle Help File Builder\PresentationStyles\VS2013\icons\privproperty.gif -&gt; D:\Git\XnaGuiItems\XnaGuiItems\Documentation\Help\Working\Output\Website\icons\privproperty.gif
D:\Program Files (x86)\EWSoftware\Sandcastle Help File Builder\PresentationStyles\VS2013\icons\privstructure.gif -&gt; D:\Git\XnaGuiItems\XnaGuiItems\Documentation\Help\Working\Output\Website\icons\privstructure.gif
D:\Program Files (x86)\EWSoftware\Sandcastle Help File Builder\PresentationStyles\VS2013\icons\protclass.gif -&gt; D:\Git\XnaGuiItems\XnaGuiItems\Documentation\Help\Working\Output\Website\icons\protclass.gif
D:\Program Files (x86)\EWSoftware\Sandcastle Help File Builder\PresentationStyles\VS2013\icons\protdelegate.gif -&gt; D:\Git\XnaGuiItems\XnaGuiItems\Documentation\Help\Working\Output\Website\icons\protdelegate.gif
D:\Program Files (x86)\EWSoftware\Sandcastle Help File Builder\PresentationStyles\VS2013\icons\protenumeration.gif -&gt; D:\Git\XnaGuiItems\XnaGuiItems\Documentation\Help\Working\Output\Website\icons\protenumeration.gif
D:\Program Files (x86)\EWSoftware\Sandcastle Help File Builder\PresentationStyles\VS2013\icons\protevent.gif -&gt; D:\Git\XnaGuiItems\XnaGuiItems\Documentation\Help\Working\Output\Website\icons\protevent.gif
D:\Program Files (x86)\EWSoftware\Sandcastle Help File Builder\PresentationStyles\VS2013\icons\protextension.gif -&gt; D:\Git\XnaGuiItems\XnaGuiItems\Documentation\Help\Working\Output\Website\icons\protextension.gif
D:\Program Files (x86)\EWSoftware\Sandcastle Help File Builder\PresentationStyles\VS2013\icons\protfield.gif -&gt; D:\Git\XnaGuiItems\XnaGuiItems\Documentation\Help\Working\Output\Website\icons\protfield.gif
D:\Program Files (x86)\EWSoftware\Sandcastle Help File Builder\PresentationStyles\VS2013\icons\protinterface.gif -&gt; D:\Git\XnaGuiItems\XnaGuiItems\Documentation\Help\Working\Output\Website\icons\protinterface.gif
D:\Program Files (x86)\EWSoftware\Sandcastle Help File Builder\PresentationStyles\VS2013\icons\protmethod.gif -&gt; D:\Git\XnaGuiItems\XnaGuiItems\Documentation\Help\Working\Output\Website\icons\protmethod.gif
D:\Program Files (x86)\EWSoftware\Sandcastle Help File Builder\PresentationStyles\VS2013\icons\protoperator.gif -&gt; D:\Git\XnaGuiItems\XnaGuiItems\Documentation\Help\Working\Output\Website\icons\protoperator.gif
D:\Program Files (x86)\EWSoftware\Sandcastle Help File Builder\PresentationStyles\VS2013\icons\protproperty.gif -&gt; D:\Git\XnaGuiItems\XnaGuiItems\Documentation\Help\Working\Output\Website\icons\protproperty.gif
D:\Program Files (x86)\EWSoftware\Sandcastle Help File Builder\PresentationStyles\VS2013\icons\protstructure.gif -&gt; D:\Git\XnaGuiItems\XnaGuiItems\Documentation\Help\Working\Output\Website\icons\protstructure.gif
D:\Program Files (x86)\EWSoftware\Sandcastle Help File Builder\PresentationStyles\VS2013\icons\pubclass.gif -&gt; D:\Git\XnaGuiItems\XnaGuiItems\Documentation\Help\Working\Output\Website\icons\pubclass.gif
D:\Program Files (x86)\EWSoftware\Sandcastle Help File Builder\PresentationStyles\VS2013\icons\pubdelegate.gif -&gt; D:\Git\XnaGuiItems\XnaGuiItems\Documentation\Help\Working\Output\Website\icons\pubdelegate.gif
D:\Program Files (x86)\EWSoftware\Sandcastle Help File Builder\PresentationStyles\VS2013\icons\pubenumeration.gif -&gt; D:\Git\XnaGuiItems\XnaGuiItems\Documentation\Help\Working\Output\Website\icons\pubenumeration.gif
D:\Program Files (x86)\EWSoftware\Sandcastle Help File Builder\PresentationStyles\VS2013\icons\pubevent.gif -&gt; D:\Git\XnaGuiItems\XnaGuiItems\Documentation\Help\Working\Output\Website\icons\pubevent.gif
D:\Program Files (x86)\EWSoftware\Sandcastle Help File Builder\PresentationStyles\VS2013\icons\pubextension.gif -&gt; D:\Git\XnaGuiItems\XnaGuiItems\Documentation\Help\Working\Output\Website\icons\pubextension.gif
D:\Program Files (x86)\EWSoftware\Sandcastle Help File Builder\PresentationStyles\VS2013\icons\pubfield.gif -&gt; D:\Git\XnaGuiItems\XnaGuiItems\Documentation\Help\Working\Output\Website\icons\pubfield.gif
D:\Program Files (x86)\EWSoftware\Sandcastle Help File Builder\PresentationStyles\VS2013\icons\pubinterface.gif -&gt; D:\Git\XnaGuiItems\XnaGuiItems\Documentation\Help\Working\Output\Website\icons\pubinterface.gif
D:\Program Files (x86)\EWSoftware\Sandcastle Help File Builder\PresentationStyles\VS2013\icons\pubmethod.gif -&gt; D:\Git\XnaGuiItems\XnaGuiItems\Documentation\Help\Working\Output\Website\icons\pubmethod.gif
D:\Program Files (x86)\EWSoftware\Sandcastle Help File Builder\PresentationStyles\VS2013\icons\puboperator.gif -&gt; D:\Git\XnaGuiItems\XnaGuiItems\Documentation\Help\Working\Output\Website\icons\puboperator.gif
D:\Program Files (x86)\EWSoftware\Sandcastle Help File Builder\PresentationStyles\VS2013\icons\pubproperty.gif -&gt; D:\Git\XnaGuiItems\XnaGuiItems\Documentation\Help\Working\Output\Website\icons\pubproperty.gif
D:\Program Files (x86)\EWSoftware\Sandcastle Help File Builder\PresentationStyles\VS2013\icons\pubstructure.gif -&gt; D:\Git\XnaGuiItems\XnaGuiItems\Documentation\Help\Working\Output\Website\icons\pubstructure.gif
D:\Program Files (x86)\EWSoftware\Sandcastle Help File Builder\PresentationStyles\VS2013\icons\SectionCollapsed.png -&gt; D:\Git\XnaGuiItems\XnaGuiItems\Documentation\Help\Working\Output\Website\icons\SectionCollapsed.png
D:\Program Files (x86)\EWSoftware\Sandcastle Help File Builder\PresentationStyles\VS2013\icons\SectionExpanded.png -&gt; D:\Git\XnaGuiItems\XnaGuiItems\Documentation\Help\Working\Output\Website\icons\SectionExpanded.png
D:\Program Files (x86)\EWSoftware\Sandcastle Help File Builder\PresentationStyles\VS2013\icons\slMobile.gif -&gt; D:\Git\XnaGuiItems\XnaGuiItems\Documentation\Help\Working\Output\Website\icons\slMobile.gif
D:\Program Files (x86)\EWSoftware\Sandcastle Help File Builder\PresentationStyles\VS2013\icons\static.gif -&gt; D:\Git\XnaGuiItems\XnaGuiItems\Documentation\Help\Working\Output\Website\icons\static.gif
D:\Program Files (x86)\EWSoftware\Sandcastle Help File Builder\PresentationStyles\VS2013\icons\xna.gif -&gt; D:\Git\XnaGuiItems\XnaGuiItems\Documentation\Help\Working\Output\Website\icons\xna.gif
D:\Program Files (x86)\EWSoftware\Sandcastle Help File Builder\PresentationStyles\VS2013\scripts\branding.js -&gt; D:\Git\XnaGuiItems\XnaGuiItems\Documentation\Help\Working\Output\Website\scripts\branding.js
D:\Program Files (x86)\EWSoftware\Sandcastle Help File Builder\PresentationStyles\VS2013\styles\branding-cs-CZ.css -&gt; D:\Git\XnaGuiItems\XnaGuiItems\Documentation\Help\Working\Output\Website\styles\branding-cs-CZ.css
D:\Program Files (x86)\EWSoftware\Sandcastle Help File Builder\PresentationStyles\VS2013\styles\branding-de-DE.css -&gt; D:\Git\XnaGuiItems\XnaGuiItems\Documentation\Help\Working\Output\Website\styles\branding-de-DE.css
D:\Program Files (x86)\EWSoftware\Sandcastle Help File Builder\PresentationStyles\VS2013\styles\branding-en-US.css -&gt; D:\Git\XnaGuiItems\XnaGuiItems\Documentation\Help\Working\Output\Website\styles\branding-en-US.css
D:\Program Files (x86)\EWSoftware\Sandcastle Help File Builder\PresentationStyles\VS2013\styles\branding-es-ES.css -&gt; D:\Git\XnaGuiItems\XnaGuiItems\Documentation\Help\Working\Output\Website\styles\branding-es-ES.css
D:\Program Files (x86)\EWSoftware\Sandcastle Help File Builder\PresentationStyles\VS2013\styles\branding-fr-FR.css -&gt; D:\Git\XnaGuiItems\XnaGuiItems\Documentation\Help\Working\Output\Website\styles\branding-fr-FR.css
D:\Program Files (x86)\EWSoftware\Sandcastle Help File Builder\PresentationStyles\VS2013\styles\branding-Help1.css -&gt; D:\Git\XnaGuiItems\XnaGuiItems\Documentation\Help\Working\Output\Website\styles\branding-Help1.css
D:\Program Files (x86)\EWSoftware\Sandcastle Help File Builder\PresentationStyles\VS2013\styles\branding-HelpViewer.css -&gt; D:\Git\XnaGuiItems\XnaGuiItems\Documentation\Help\Working\Output\Website\styles\branding-HelpViewer.css
D:\Program Files (x86)\EWSoftware\Sandcastle Help File Builder\PresentationStyles\VS2013\styles\branding-it-IT.css -&gt; D:\Git\XnaGuiItems\XnaGuiItems\Documentation\Help\Working\Output\Website\styles\branding-it-IT.css
D:\Program Files (x86)\EWSoftware\Sandcastle Help File Builder\PresentationStyles\VS2013\styles\branding-ja-JP.css -&gt; D:\Git\XnaGuiItems\XnaGuiItems\Documentation\Help\Working\Output\Website\styles\branding-ja-JP.css
D:\Program Files (x86)\EWSoftware\Sandcastle Help File Builder\PresentationStyles\VS2013\styles\branding-ko-KR.css -&gt; D:\Git\XnaGuiItems\XnaGuiItems\Documentation\Help\Working\Output\Website\styles\branding-ko-KR.css
D:\Program Files (x86)\EWSoftware\Sandcastle Help File Builder\PresentationStyles\VS2013\styles\branding-pl-PL.css -&gt; D:\Git\XnaGuiItems\XnaGuiItems\Documentation\Help\Working\Output\Website\styles\branding-pl-PL.css
D:\Program Files (x86)\EWSoftware\Sandcastle Help File Builder\PresentationStyles\VS2013\styles\branding-pt-BR.css -&gt; D:\Git\XnaGuiItems\XnaGuiItems\Documentation\Help\Working\Output\Website\styles\branding-pt-BR.css
D:\Program Files (x86)\EWSoftware\Sandcastle Help File Builder\PresentationStyles\VS2013\styles\branding-ru-RU.css -&gt; D:\Git\XnaGuiItems\XnaGuiItems\Documentation\Help\Working\Output\Website\styles\branding-ru-RU.css
D:\Program Files (x86)\EWSoftware\Sandcastle Help File Builder\PresentationStyles\VS2013\styles\branding-tr-TR.css -&gt; D:\Git\XnaGuiItems\XnaGuiItems\Documentation\Help\Working\Output\Website\styles\branding-tr-TR.css
D:\Program Files (x86)\EWSoftware\Sandcastle Help File Builder\PresentationStyles\VS2013\styles\branding-Website.css -&gt; D:\Git\XnaGuiItems\XnaGuiItems\Documentation\Help\Working\Output\Website\styles\branding-Website.css
D:\Program Files (x86)\EWSoftware\Sandcastle Help File Builder\PresentationStyles\VS2013\styles\branding-zh-CN.css -&gt; D:\Git\XnaGuiItems\XnaGuiItems\Documentation\Help\Working\Output\Website\styles\branding-zh-CN.css
D:\Program Files (x86)\EWSoftware\Sandcastle Help File Builder\PresentationStyles\VS2013\styles\branding-zh-TW.css -&gt; D:\Git\XnaGuiItems\XnaGuiItems\Documentation\Help\Working\Output\Website\styles\branding-zh-TW.css
D:\Program Files (x86)\EWSoftware\Sandcastle Help File Builder\PresentationStyles\VS2013\styles\branding.css -&gt; D:\Git\XnaGuiItems\XnaGuiItems\Documentation\Help\Working\Output\Website\styles\branding.css
D:\Program Files (x86)\EWSoftware\Sandcastle Help File Builder\PresentationStyles\VS2013\Web\index.html -&gt; D:\Git\XnaGuiItems\XnaGuiItems\Documentation\Help\Working\Output\Website\index.html
D:\Program Files (x86)\EWSoftware\Sandcastle Help File Builder\PresentationStyles\VS2013\Web\search.html -&gt; D:\Git\XnaGuiItems\XnaGuiItems\Documentation\Help\Working\Output\Website\search.html
D:\Program Files (x86)\EWSoftware\Sandcastle Help File Builder\PresentationStyles\VS2013\Web\SearchHelp.aspx -&gt; D:\Git\XnaGuiItems\XnaGuiItems\Documentation\Help\Working\Output\Website\SearchHelp.aspx
D:\Program Files (x86)\EWSoftware\Sandcastle Help File Builder\PresentationStyles\VS2013\Web\SearchHelp.inc.php -&gt; D:\Git\XnaGuiItems\XnaGuiItems\Documentation\Help\Working\Output\Website\SearchHelp.inc.php
D:\Program Files (x86)\EWSoftware\Sandcastle Help File Builder\PresentationStyles\VS2013\Web\SearchHelp.php -&gt; D:\Git\XnaGuiItems\XnaGuiItems\Documentation\Help\Working\Output\Website\SearchHelp.php
D:\Program Files (x86)\EWSoftware\Sandcastle Help File Builder\PresentationStyles\VS2013\Web\Web.Config -&gt; D:\Git\XnaGuiItems\XnaGuiItems\Documentation\Help\Working\Output\Website\Web.Config
D:\Program Files (x86)\EWSoftware\Sandcastle Help File Builder\PresentationStyles\VS2013\Web\icons\Search.png -&gt; D:\Git\XnaGuiItems\XnaGuiItems\Documentation\Help\Working\Output\Website\icons\Search.png
D:\Program Files (x86)\EWSoftware\Sandcastle Help File Builder\PresentationStyles\VS2013\Web\icons\TocClose.gif -&gt; D:\Git\XnaGuiItems\XnaGuiItems\Documentation\Help\Working\Output\Website\icons\TocClose.gif
D:\Program Files (x86)\EWSoftware\Sandcastle Help File Builder\PresentationStyles\VS2013\Web\icons\TocCollapsed.gif -&gt; D:\Git\XnaGuiItems\XnaGuiItems\Documentation\Help\Working\Output\Website\icons\TocCollapsed.gif
D:\Program Files (x86)\EWSoftware\Sandcastle Help File Builder\PresentationStyles\VS2013\Web\icons\TocExpanded.gif -&gt; D:\Git\XnaGuiItems\XnaGuiItems\Documentation\Help\Working\Output\Website\icons\TocExpanded.gif
D:\Program Files (x86)\EWSoftware\Sandcastle Help File Builder\PresentationStyles\VS2013\Web\icons\TocOpen.gif -&gt; D:\Git\XnaGuiItems\XnaGuiItems\Documentation\Help\Working\Output\Website\icons\TocOpen.gif
D:\Program Files (x86)\EWSoftware\Sandcastle Help File Builder\PresentationStyles\VS2013\Web\scripts\branding-Website.js -&gt; D:\Git\XnaGuiItems\XnaGuiItems\Documentation\Help\Working\Output\Website\scripts\branding-Website.js
D:\Program Files (x86)\EWSoftware\Sandcastle Help File Builder\PresentationStyles\VS2013\Web\scripts\jquery-1.11.0.min.js -&gt; D:\Git\XnaGuiItems\XnaGuiItems\Documentation\Help\Working\Output\Website\scripts\jquery-1.11.0.min.js
    Last step completed in 00:00:00.3506
</buildStep>
<buildStep step="GenerateHelpFormatTableOfContents">
Generating website table of contents file...
    Last step completed in 00:00:00.0000
</buildStep>
<buildStep step="GenerateFullTextIndex">
Generating full-text index for the website...

<plugIn name="Lightweight Website Style" behavior="After" priority="1000">
Adding lightweight search and TOC elements to each topic...
</plugIn>    Last step completed in 00:00:00.6096
</buildStep>
<buildStep step="CopyingWebsiteFiles">
Copying website files to output folder...

Copied 500 files
Copied 607 files for the website content
    Last step completed in 00:00:00.3325
</buildStep>
<buildStep step="CleanIntermediates">
Removing intermediate files...
    Last step completed in 00:00:00.1247
</buildStep>
<buildStep step="Completed">

Build completed successfully at 9/9/2016 10:32:24 PM.  Total time: 00:00:13.3829

</buildStep>
</shfbBuild>
